<?xml version="1.0" encoding="UTF-8"?>
<!-- Generated by org.testng.reporters.JUnitReportReporter -->
<testsuite hostname="DESKTOP-NPFOONT" failures="0" tests="1" name="seleniumProject.Testcase25" time="2.525" errors="0" timestamp="2024-02-19T23:21:49 IST" skipped="0">
  <testcase classname="seleniumProject.Testcase25" name="login" time="2.525"/>
</testsuite> <!-- seleniumProject.Testcase25 -->
