<?xml version="1.0" encoding="UTF-8"?>
<!-- Generated by org.testng.reporters.JUnitReportReporter -->
<testsuite hostname="DESKTOP-NPFOONT" failures="0" tests="1" name="seleniumProject.Testcase16" time="1.501" errors="0" timestamp="2024-02-19T22:14:06 IST" skipped="0">
  <testcase classname="seleniumProject.Testcase16" name="login" time="1.501"/>
</testsuite> <!-- seleniumProject.Testcase16 -->
