<?xml version="1.0" encoding="UTF-8"?>
<!-- Generated by org.testng.reporters.JUnitReportReporter -->
<testsuite hostname="DESKTOP-NPFOONT" failures="0" tests="1" name="seleniumProject.Testcase17" time="2.621" errors="0" timestamp="2024-02-19T22:20:55 IST" skipped="0">
  <testcase classname="seleniumProject.Testcase17" name="login" time="2.621"/>
</testsuite> <!-- seleniumProject.Testcase17 -->
