<?xml version="1.0" encoding="UTF-8"?>
<!-- Generated by org.testng.reporters.JUnitReportReporter -->
<testsuite hostname="DESKTOP-NPFOONT" failures="0" tests="1" name="seleniumProject.Testcase14" time="1.097" errors="0" timestamp="2024-02-19T21:59:17 IST" skipped="0">
  <testcase classname="seleniumProject.Testcase14" name="login" time="1.097"/>
</testsuite> <!-- seleniumProject.Testcase14 -->
