<?xml version="1.0" encoding="UTF-8"?>
<!-- Generated by org.testng.reporters.JUnitReportReporter -->
<testsuite hostname="DESKTOP-NPFOONT" failures="0" tests="1" name="seleniumProject.Testcase4" time="7.306" errors="0" timestamp="2024-02-19T12:22:47 IST" skipped="0">
  <testcase classname="seleniumProject.Testcase4" name="login" time="7.306"/>
</testsuite> <!-- seleniumProject.Testcase4 -->
