<?xml version="1.0" encoding="UTF-8"?>
<!-- Generated by org.testng.reporters.JUnitReportReporter -->
<testsuite hostname="DESKTOP-NPFOONT" failures="0" tests="1" name="seleniumProject.Testcase27" time="3.169" errors="0" timestamp="2024-02-18T21:35:54 IST" skipped="0">
  <testcase classname="seleniumProject.Testcase27" name="login" time="3.169"/>
</testsuite> <!-- seleniumProject.Testcase27 -->
