<?xml version="1.0" encoding="UTF-8"?>
<!-- Generated by org.testng.reporters.JUnitReportReporter -->
<testsuite hostname="DESKTOP-NPFOONT" failures="0" tests="1" name="seleniumProject.Testcase8" time="1.515" errors="0" timestamp="2024-02-19T20:01:39 IST" skipped="0">
  <testcase classname="seleniumProject.Testcase8" name="login" time="1.515"/>
</testsuite> <!-- seleniumProject.Testcase8 -->
