<?xml version="1.0" encoding="UTF-8"?>
<!-- Generated by org.testng.reporters.JUnitReportReporter -->
<testsuite hostname="DESKTOP-NPFOONT" failures="0" tests="1" name="seleniumProject.Testcase15" time="1.715" errors="0" timestamp="2024-02-19T22:06:09 IST" skipped="0">
  <testcase classname="seleniumProject.Testcase15" name="login" time="1.715"/>
</testsuite> <!-- seleniumProject.Testcase15 -->
