<?xml version="1.0" encoding="UTF-8"?>
<!-- Generated by org.testng.reporters.JUnitReportReporter -->
<testsuite hostname="DESKTOP-NPFOONT" failures="0" tests="1" name="seleniumProject.Testcase12" time="2.072" errors="0" timestamp="2024-02-19T21:38:42 IST" skipped="0">
  <testcase classname="seleniumProject.Testcase12" name="login" time="2.072"/>
</testsuite> <!-- seleniumProject.Testcase12 -->
