<?xml version="1.0" encoding="UTF-8"?>
<!-- Generated by org.testng.reporters.JUnitReportReporter -->
<testsuite hostname="DESKTOP-NPFOONT" failures="0" tests="1" name="seleniumProject.Testcase31" time="0.942" errors="0" timestamp="2024-02-21T12:00:11 IST" skipped="0">
  <testcase classname="seleniumProject.Testcase31" name="login" time="0.942"/>
</testsuite> <!-- seleniumProject.Testcase31 -->
