<?xml version="1.0" encoding="UTF-8"?>
<!-- Generated by org.testng.reporters.JUnitReportReporter -->
<testsuite hostname="DESKTOP-NPFOONT" failures="0" tests="1" name="seleniumProject.Testcase10" time="1.019" errors="0" timestamp="2024-02-19T19:22:35 IST" skipped="0">
  <testcase classname="seleniumProject.Testcase10" name="login" time="1.019"/>
</testsuite> <!-- seleniumProject.Testcase10 -->
