<?xml version="1.0" encoding="UTF-8"?>
<!-- Generated by org.testng.reporters.JUnitReportReporter -->
<testsuite hostname="DESKTOP-NPFOONT" failures="0" tests="1" name="seleniumProject.Testcase20" time="5.095" errors="0" timestamp="2024-02-19T22:45:37 IST" skipped="0">
  <testcase classname="seleniumProject.Testcase20" name="login" time="5.095"/>
</testsuite> <!-- seleniumProject.Testcase20 -->
