<?xml version="1.0" encoding="UTF-8"?>
<!-- Generated by org.testng.reporters.JUnitReportReporter -->
<testsuite hostname="DESKTOP-NPFOONT" failures="0" tests="1" name="seleniumProject.Testcase7" time="0.802" errors="0" timestamp="2024-02-19T11:47:34 IST" skipped="0">
  <testcase classname="seleniumProject.Testcase7" name="login" time="0.802"/>
</testsuite> <!-- seleniumProject.Testcase7 -->
