<?xml version="1.0" encoding="UTF-8"?>
<!-- Generated by org.testng.reporters.JUnitReportReporter -->
<testsuite hostname="DESKTOP-NPFOONT" failures="0" tests="1" name="seleniumProject.Testcase26" time="2.422" errors="0" timestamp="2024-02-19T23:22:21 IST" skipped="0">
  <testcase classname="seleniumProject.Testcase26" name="login" time="2.422"/>
</testsuite> <!-- seleniumProject.Testcase26 -->
