<?xml version="1.0" encoding="UTF-8"?>
<!-- Generated by org.testng.reporters.JUnitReportReporter -->
<testsuite hostname="DESKTOP-NPFOONT" failures="0" tests="1" name="seleniumProject.Testcase32" time="1.027" errors="0" timestamp="2024-02-21T12:11:20 IST" skipped="0">
  <testcase classname="seleniumProject.Testcase32" name="login" time="1.027"/>
</testsuite> <!-- seleniumProject.Testcase32 -->
