<?xml version="1.0" encoding="UTF-8"?>
<!-- Generated by org.testng.reporters.JUnitReportReporter -->
<testsuite hostname="DESKTOP-NPFOONT" failures="0" tests="1" name="seleniumProject.Testcase29" time="0.461" errors="0" timestamp="2024-02-21T12:22:36 IST" skipped="0">
  <testcase classname="seleniumProject.Testcase29" name="login" time="0.461"/>
</testsuite> <!-- seleniumProject.Testcase29 -->
