<?xml version="1.0" encoding="UTF-8"?>
<!-- Generated by org.testng.reporters.JUnitReportReporter -->
<testsuite hostname="DESKTOP-NPFOONT" failures="0" tests="1" name="seleniumProject.Testcase28" time="0.549" errors="0" timestamp="2024-02-19T23:45:44 IST" skipped="0">
  <testcase classname="seleniumProject.Testcase28" name="login" time="0.549"/>
</testsuite> <!-- seleniumProject.Testcase28 -->
