<?xml version="1.0" encoding="UTF-8"?>
<!-- Generated by org.testng.reporters.JUnitReportReporter -->
<testsuite hostname="DESKTOP-NPFOONT" failures="0" tests="1" name="seleniumProject.Testcase22" time="2.488" errors="0" timestamp="2024-02-19T22:50:38 IST" skipped="0">
  <testcase classname="seleniumProject.Testcase22" name="login" time="2.488"/>
</testsuite> <!-- seleniumProject.Testcase22 -->
