<?xml version="1.0" encoding="UTF-8"?>
<!-- Generated by org.testng.reporters.JUnitReportReporter -->
<testsuite hostname="DESKTOP-NPFOONT" failures="0" tests="1" name="seleniumProject.Testcase2" time="0.714" errors="0" timestamp="2024-02-18T19:51:23 IST" skipped="0">
  <testcase classname="seleniumProject.Testcase2" name="login" time="0.714"/>
</testsuite> <!-- seleniumProject.Testcase2 -->
