<?xml version="1.0" encoding="UTF-8"?>
<!-- Generated by org.testng.reporters.JUnitReportReporter -->
<testsuite hostname="DESKTOP-NPFOONT" failures="0" tests="1" name="seleniumProject.Testcase13" time="1.277" errors="0" timestamp="2024-02-19T21:51:47 IST" skipped="0">
  <testcase classname="seleniumProject.Testcase13" name="login" time="1.277"/>
</testsuite> <!-- seleniumProject.Testcase13 -->
