<?xml version="1.0" encoding="UTF-8"?>
<!-- Generated by org.testng.reporters.JUnitReportReporter -->
<testsuite hostname="DESKTOP-NPFOONT" failures="0" tests="1" name="seleniumProject.Testcase5" time="1.369" errors="0" timestamp="2024-02-21T10:08:36 IST" skipped="0">
  <testcase classname="seleniumProject.Testcase5" name="login" time="1.369"/>
</testsuite> <!-- seleniumProject.Testcase5 -->
