<?xml version="1.0" encoding="UTF-8"?>
<!-- Generated by org.testng.reporters.JUnitReportReporter -->
<testsuite hostname="DESKTOP-NPFOONT" failures="0" tests="1" name="seleniumProject.Testcase9" time="1.008" errors="0" timestamp="2024-02-19T19:17:25 IST" skipped="0">
  <testcase classname="seleniumProject.Testcase9" name="login" time="1.008"/>
</testsuite> <!-- seleniumProject.Testcase9 -->
