<?xml version="1.0" encoding="UTF-8"?>
<!-- Generated by org.testng.reporters.JUnitReportReporter -->
<testsuite hostname="DESKTOP-NPFOONT" failures="0" tests="1" name="seleniumProject.Testcase30" time="1.492" errors="0" timestamp="2024-02-21T11:57:40 IST" skipped="0">
  <testcase classname="seleniumProject.Testcase30" name="login" time="1.492"/>
</testsuite> <!-- seleniumProject.Testcase30 -->
