<?xml version="1.0" encoding="UTF-8"?>
<!-- Generated by org.testng.reporters.JUnitReportReporter -->
<testsuite hostname="DESKTOP-NPFOONT" failures="0" tests="1" name="seleniumProject.Testcase11" time="0.969" errors="0" timestamp="2024-02-19T19:28:45 IST" skipped="0">
  <testcase classname="seleniumProject.Testcase11" name="login" time="0.969"/>
</testsuite> <!-- seleniumProject.Testcase11 -->
