<?xml version="1.0" encoding="UTF-8"?>
<!-- Generated by org.testng.reporters.JUnitReportReporter -->
<testsuite hostname="DESKTOP-NPFOONT" failures="0" tests="1" name="seleniumProject.Testcase24" time="2.694" errors="0" timestamp="2024-02-19T23:07:55 IST" skipped="0">
  <testcase classname="seleniumProject.Testcase24" name="login" time="2.694"/>
</testsuite> <!-- seleniumProject.Testcase24 -->
