<?xml version="1.0" encoding="UTF-8"?>
<!-- Generated by org.testng.reporters.JUnitReportReporter -->
<testsuite hostname="DESKTOP-NPFOONT" failures="0" tests="1" name="seleniumProject.Testcase1" time="0.719" errors="0" timestamp="2024-02-17T16:51:38 IST" skipped="0">
  <testcase classname="seleniumProject.Testcase1" name="login" time="0.719"/>
</testsuite> <!-- seleniumProject.Testcase1 -->
