<?xml version="1.0" encoding="UTF-8"?>
<!-- Generated by org.testng.reporters.JUnitReportReporter -->
<testsuite hostname="DESKTOP-NPFOONT" failures="0" tests="1" name="seleniumProject.Testcase6" time="1.493" errors="0" timestamp="2024-02-21T10:17:25 IST" skipped="0">
  <testcase classname="seleniumProject.Testcase6" name="login" time="1.493"/>
</testsuite> <!-- seleniumProject.Testcase6 -->
