<?xml version="1.0" encoding="UTF-8"?>
<!-- Generated by org.testng.reporters.JUnitReportReporter -->
<testsuite hostname="DESKTOP-NPFOONT" failures="0" tests="1" name="seleniumProject.Testcase23" time="2.402" errors="0" timestamp="2024-02-19T22:59:46 IST" skipped="0">
  <testcase classname="seleniumProject.Testcase23" name="login" time="2.402"/>
</testsuite> <!-- seleniumProject.Testcase23 -->
