<?xml version="1.0" encoding="UTF-8"?>
<!-- Generated by org.testng.reporters.JUnitReportReporter -->
<testsuite hostname="DESKTOP-NPFOONT" failures="0" tests="1" name="seleniumProject.Project1" time="0.516" errors="0" timestamp="2024-02-13T13:10:29 IST" skipped="0">
  <testcase classname="seleniumProject.Project1" name="loginTest" time="0.516"/>
</testsuite> <!-- seleniumProject.Project1 -->
