<?xml version="1.0" encoding="UTF-8"?>
<!-- Generated by org.testng.reporters.JUnitReportReporter -->
<testsuite hostname="DESKTOP-NPFOONT" failures="0" tests="1" name="seleniumProject.Testcase" time="8.640" errors="0" timestamp="2024-02-21T19:00:14 IST" skipped="0">
  <testcase classname="seleniumProject.Testcase" name="PageTitle" time="8.640"/>
</testsuite> <!-- seleniumProject.Testcase -->
