<?xml version="1.0" encoding="UTF-8"?>
<!-- Generated by org.testng.reporters.JUnitReportReporter -->
<testsuite hostname="DESKTOP-NPFOONT" failures="0" tests="2" name="seleniumProject.Testcase18" time="3.007" errors="0" timestamp="2024-02-19T22:27:21 IST" skipped="0">
  <testcase classname="seleniumProject.Testcase18" name="product" time="2.089"/>
  <testcase classname="seleniumProject.Testcase18" name="login" time="0.918"/>
</testsuite> <!-- seleniumProject.Testcase18 -->
