<?xml version="1.0" encoding="UTF-8"?>
<!-- Generated by org.testng.reporters.JUnitReportReporter -->
<testsuite hostname="DESKTOP-NPFOONT" failures="0" tests="1" name="seleniumProject.Testcase21" time="0.834" errors="0" timestamp="2024-02-19T23:30:02 IST" skipped="0">
  <testcase classname="seleniumProject.Testcase21" name="login" time="0.834"/>
</testsuite> <!-- seleniumProject.Testcase21 -->
