<?xml version="1.0" encoding="UTF-8"?>
<!-- Generated by org.testng.reporters.JUnitReportReporter -->
<testsuite hostname="DESKTOP-NPFOONT" failures="0" tests="1" name="seleniumProject.Testcase19" time="1.708" errors="0" timestamp="2024-02-19T22:31:18 IST" skipped="0">
  <testcase classname="seleniumProject.Testcase19" name="login" time="1.708"/>
</testsuite> <!-- seleniumProject.Testcase19 -->
