<?xml version="1.0" encoding="UTF-8"?>
<!-- Generated by org.testng.reporters.JUnitReportReporter -->
<testsuite hostname="DESKTOP-NPFOONT" failures="0" tests="5" name="HelloMaven.Project1.Assignment42" time="47.215" errors="0" timestamp="2024-01-30T13:20:12 IST" skipped="0">
  <testcase classname="HelloMaven.Project1.Assignment42" name="technologies" time="11.596"/>
  <testcase classname="HelloMaven.Project1.Assignment42" name="getQuote" time="6.129"/>
  <testcase classname="HelloMaven.Project1.Assignment42" name="retrieveAllHeaders" time="7.252"/>
  <testcase classname="HelloMaven.Project1.Assignment42" name="productporos" time="10.555"/>
  <testcase classname="HelloMaven.Project1.Assignment42" name="features" time="11.683"/>
</testsuite> <!-- HelloMaven.Project1.Assignment42 -->
